2026-05-04 22:26:17,197 INFO core.middleware Method: GET | Endpoint: /api/profiles/search | Status: 200| Response-Time: 0.2294ms
2026-05-04 22:26:17,534 INFO core.middleware Method: GET | Endpoint: /.well-known/appspecific/com.chrome.devtools.json | Status: 404| Response-Time: 0.0479ms
2026-05-04 22:26:17,534 WARNING django.request Not Found: /.well-known/appspecific/com.chrome.devtools.json
2026-05-04 22:26:35,407 INFO core.middleware Method: GET | Endpoint: /api/profiles/search | Status: 200| Response-Time: 0.2322ms
2026-05-04 22:26:35,585 INFO core.middleware Method: GET | Endpoint: /.well-known/appspecific/com.chrome.devtools.json | Status: 404| Response-Time: 0.0254ms
2026-05-04 22:26:35,585 WARNING django.request Not Found: /.well-known/appspecific/com.chrome.devtools.json
2026-05-04 22:26:55,135 INFO core.middleware Method: GET | Endpoint: /api/profiles/search | Status: 200| Response-Time: 0.2647ms
2026-05-04 22:26:55,331 INFO core.middleware Method: GET | Endpoint: /.well-known/appspecific/com.chrome.devtools.json | Status: 404| Response-Time: 0.0234ms
2026-05-04 22:26:55,332 WARNING django.request Not Found: /.well-known/appspecific/com.chrome.devtools.json
2026-05-04 22:27:59,739 INFO django.utils.autoreload C:\Users\MY PC\Documents\projects\hng\stage-1\core\middleware.py changed, reloading.
2026-05-04 22:33:13,596 INFO django.utils.autoreload Watching for file changes with StatReloader
2026-05-04 22:33:43,167 INFO django.utils.autoreload C:\Users\MY PC\Documents\projects\hng\stage-1\core\views.py changed, reloading.
2026-05-04 22:33:49,484 INFO django.utils.autoreload Watching for file changes with StatReloader
2026-05-04 22:34:41,939 INFO django.utils.autoreload Watching for file changes with StatReloader
2026-05-05 21:44:14,972 INFO core.middleware Method: GET | Endpoint: /auth/github | Status: 200 | Response-Time: 0.2152ms
2026-05-05 21:44:25,936 INFO core.middleware Method: GET | Endpoint: /auth/github/poll | Status: 200 | Response-Time: 0.0278ms
2026-05-05 21:44:31,091 INFO core.middleware Method: GET | Endpoint: /auth/github/callback | Status: 200 | Response-Time: 4.2479ms
2026-05-05 21:44:33,914 INFO core.middleware Method: GET | Endpoint: /auth/github/poll | Status: 200 | Response-Time: 0.0069ms
2026-05-05 21:44:43,589 INFO core.middleware Method: GET | Endpoint: /favicon.ico | Status: 404 | Response-Time: 0.1375ms
2026-05-05 21:44:43,590 WARNING django.request Not Found: /favicon.ico
2026-05-05 22:46:28,390 INFO core.middleware Method: GET | Endpoint: /auth/github | Status: 200 | Response-Time: 0.1108ms
2026-05-05 22:46:38,793 INFO core.middleware Method: GET | Endpoint: /auth/github/poll | Status: 200 | Response-Time: 0.0331ms
2026-05-05 22:46:46,696 INFO core.middleware Method: GET | Endpoint: /auth/github/poll | Status: 200 | Response-Time: 0.0082ms
2026-05-05 22:46:54,694 INFO core.middleware Method: GET | Endpoint: /auth/github/poll | Status: 200 | Response-Time: 0.0118ms
2026-05-05 22:47:03,553 INFO core.middleware Method: GET | Endpoint: /auth/github/poll | Status: 200 | Response-Time: 0.0378ms
2026-05-05 22:47:06,375 INFO core.middleware Method: GET | Endpoint: /auth/github/callback | Status: 200 | Response-Time: 29.2226ms
2026-05-05 22:47:10,930 INFO core.middleware Method: GET | Endpoint: /auth/github/poll | Status: 200 | Response-Time: 0.1705ms
2026-05-05 23:11:36,008 INFO core.middleware Method: GET | Endpoint: /api/profiles | Status: 301 | Response-Time: 0.0963ms
2026-05-05 23:11:36,487 INFO core.middleware Method: GET | Endpoint: /api/profiles/ | Status: 400 | Response-Time: 0.4562ms
2026-05-05 23:11:36,489 WARNING django.request Bad Request: /api/profiles/
2026-05-05 23:13:22,884 INFO core.middleware Method: GET | Endpoint: /api/profiles | Status: 301 | Response-Time: 0.0276ms
2026-05-05 23:13:23,336 INFO core.middleware Method: GET | Endpoint: /api/profiles/ | Status: 200 | Response-Time: 0.4450ms
2026-05-05 23:17:51,260 INFO core.middleware Method: GET | Endpoint: /api/profiles | Status: 301 | Response-Time: 1.2277ms
2026-05-05 23:17:53,290 INFO core.middleware Method: GET | Endpoint: /api/profiles/ | Status: 200 | Response-Time: 1.8327ms
2026-05-05 23:44:14,178 INFO core.middleware Method: GET | Endpoint: /api/profiles | Status: 301 | Response-Time: 0.0931ms
2026-05-05 23:44:14,858 INFO core.middleware Method: GET | Endpoint: /api/profiles/ | Status: 200 | Response-Time: 0.6405ms
2026-05-05 23:44:16,463 INFO core.middleware Method: GET | Endpoint: /api/profiles | Status: 301 | Response-Time: 0.0364ms
2026-05-05 23:44:16,710 INFO core.middleware Method: GET | Endpoint: /api/profiles/ | Status: 200 | Response-Time: 0.2402ms
2026-05-05 23:54:15,910 INFO core.middleware Method: GET | Endpoint: /api/profiles | Status: 301 | Response-Time: 0.0614ms
2026-05-05 23:54:16,121 INFO core.middleware Method: GET | Endpoint: /api/profiles/ | Status: 401 | Response-Time: 0.1620ms
2026-05-05 23:54:16,124 WARNING django.request Unauthorized: /api/profiles/
2026-05-05 23:54:18,137 INFO core.middleware Method: GET | Endpoint: /api/profiles | Status: 301 | Response-Time: 0.0370ms
2026-05-05 23:54:18,159 INFO core.middleware Method: GET | Endpoint: /api/profiles/ | Status: 401 | Response-Time: 0.0136ms
2026-05-05 23:54:18,160 WARNING django.request Unauthorized: /api/profiles/
2026-05-05 23:55:27,562 INFO core.middleware Method: GET | Endpoint: /api/profiles | Status: 301 | Response-Time: 0.0310ms
2026-05-05 23:55:27,590 INFO core.middleware Method: GET | Endpoint: /api/profiles/ | Status: 401 | Response-Time: 0.0194ms
2026-05-05 23:55:27,591 WARNING django.request Unauthorized: /api/profiles/
2026-05-05 23:55:29,503 INFO core.middleware Method: GET | Endpoint: /api/profiles | Status: 301 | Response-Time: 0.0229ms
2026-05-05 23:55:29,520 INFO core.middleware Method: GET | Endpoint: /api/profiles/ | Status: 401 | Response-Time: 0.0127ms
2026-05-05 23:55:29,520 WARNING django.request Unauthorized: /api/profiles/
2026-05-06 00:01:37,090 INFO core.middleware Method: GET | Endpoint: /api/profiles | Status: 301 | Response-Time: 0.0668ms
2026-05-06 00:01:37,212 INFO core.middleware Method: GET | Endpoint: /api/profiles/ | Status: 401 | Response-Time: 0.0837ms
2026-05-06 00:01:37,213 WARNING django.request Unauthorized: /api/profiles/
2026-05-06 00:01:38,469 INFO core.middleware Method: GET | Endpoint: /api/profiles | Status: 301 | Response-Time: 0.0166ms
2026-05-06 00:01:38,487 INFO core.middleware Method: GET | Endpoint: /api/profiles/ | Status: 401 | Response-Time: 0.0133ms
2026-05-06 00:01:38,487 WARNING django.request Unauthorized: /api/profiles/
2026-05-06 00:03:17,201 INFO core.middleware Method: GET | Endpoint: /api/profiles | Status: 301 | Response-Time: 0.0395ms
2026-05-06 00:03:17,222 INFO core.middleware Method: GET | Endpoint: /api/profiles/ | Status: 401 | Response-Time: 0.0141ms
2026-05-06 00:03:17,223 WARNING django.request Unauthorized: /api/profiles/
2026-05-06 00:03:23,351 INFO core.middleware Method: GET | Endpoint: /api/profiles | Status: 301 | Response-Time: 0.0111ms
2026-05-06 00:03:23,361 INFO core.middleware Method: GET | Endpoint: /api/profiles/ | Status: 401 | Response-Time: 0.0070ms
2026-05-06 00:03:23,361 WARNING django.request Unauthorized: /api/profiles/
2026-05-06 00:04:33,860 INFO core.middleware Method: GET | Endpoint: /api/profiles | Status: 301 | Response-Time: 0.0147ms
2026-05-06 00:04:33,870 INFO core.middleware Method: GET | Endpoint: /api/profiles/ | Status: 401 | Response-Time: 0.0072ms
2026-05-06 00:04:33,871 WARNING django.request Unauthorized: /api/profiles/
2026-05-06 00:04:34,632 INFO core.middleware Method: GET | Endpoint: /api/profiles | Status: 301 | Response-Time: 0.0171ms
2026-05-06 00:04:34,644 INFO core.middleware Method: GET | Endpoint: /api/profiles/ | Status: 401 | Response-Time: 0.0089ms
2026-05-06 00:04:34,645 WARNING django.request Unauthorized: /api/profiles/
2026-05-06 00:05:26,774 INFO core.middleware Method: GET | Endpoint: /api/profiles | Status: 301 | Response-Time: 0.0638ms
2026-05-06 00:05:26,803 INFO core.middleware Method: GET | Endpoint: /api/profiles/ | Status: 401 | Response-Time: 0.0112ms
2026-05-06 00:05:26,804 WARNING django.request Unauthorized: /api/profiles/
2026-05-06 00:05:28,689 INFO core.middleware Method: GET | Endpoint: /api/profiles | Status: 301 | Response-Time: 0.0205ms
2026-05-06 00:05:28,703 INFO core.middleware Method: GET | Endpoint: /api/profiles/ | Status: 401 | Response-Time: 0.0101ms
2026-05-06 00:05:28,703 WARNING django.request Unauthorized: /api/profiles/
2026-05-06 00:06:48,433 INFO core.middleware Method: GET | Endpoint: /api/profiles | Status: 301 | Response-Time: 0.0385ms
2026-05-06 00:06:48,490 INFO core.middleware Method: GET | Endpoint: /api/profiles/ | Status: 401 | Response-Time: 0.0423ms
2026-05-06 00:06:48,491 WARNING django.request Unauthorized: /api/profiles/
2026-05-06 00:06:52,263 INFO core.middleware Method: GET | Endpoint: /api/profiles | Status: 301 | Response-Time: 0.0095ms
2026-05-06 00:06:52,271 INFO core.middleware Method: GET | Endpoint: /api/profiles/ | Status: 401 | Response-Time: 0.0059ms
2026-05-06 00:06:52,271 WARNING django.request Unauthorized: /api/profiles/
2026-05-06 10:03:43,600 INFO django.utils.autoreload Watching for file changes with StatReloader
2026-05-06 10:28:00,129 INFO core.middleware Method: GET | Endpoint: /auth/github/callback | Status: 500 | Response-Time: 3.4214ms
2026-05-06 10:28:00,151 ERROR django.request Internal Server Error: /auth/github/callback
2026-05-06 10:28:38,346 INFO core.middleware Method: GET | Endpoint: /favicon.ico | Status: 404 | Response-Time: 0.0771ms
2026-05-06 10:28:38,346 WARNING django.request Not Found: /favicon.ico
2026-05-06 10:46:20,834 INFO core.middleware Method: GET | Endpoint: /api/profiles | Status: 301 | Response-Time: 0.0835ms
2026-05-06 10:46:21,010 INFO core.middleware Method: GET | Endpoint: /api/profiles/ | Status: 401 | Response-Time: 0.1592ms
2026-05-06 10:46:21,011 WARNING django.request Unauthorized: /api/profiles/
2026-05-06 10:49:12,815 INFO core.middleware Method: GET | Endpoint: /api/profiles | Status: 301 | Response-Time: 0.1271ms
2026-05-06 10:49:12,940 INFO core.middleware Method: GET | Endpoint: /api/profiles/ | Status: 401 | Response-Time: 0.1012ms
2026-05-06 10:49:12,952 WARNING django.request Unauthorized: /api/profiles/
2026-05-06 10:49:51,205 INFO core.middleware Method: GET | Endpoint: /api/profiles | Status: 301 | Response-Time: 0.0367ms
2026-05-06 10:49:51,419 INFO core.middleware Method: GET | Endpoint: /api/profiles/ | Status: 401 | Response-Time: 0.1830ms
2026-05-06 10:49:51,420 WARNING django.request Unauthorized: /api/profiles/
2026-05-06 11:10:29,041 INFO core.middleware Method: GET | Endpoint: /api/profiles | Status: 301 | Response-Time: 0.0440ms
2026-05-06 11:10:29,087 INFO core.middleware Method: GET | Endpoint: /api/profiles/ | Status: 401 | Response-Time: 0.0369ms
2026-05-06 11:10:29,088 WARNING django.request Unauthorized: /api/profiles/
2026-05-06 11:23:27,256 INFO core.middleware Method: GET | Endpoint: /api/profiles | Status: 301 | Response-Time: 0.0484ms
2026-05-06 11:23:27,300 INFO core.middleware Method: GET | Endpoint: /api/profiles/ | Status: 401 | Response-Time: 0.0323ms
2026-05-06 11:23:27,301 WARNING django.request Unauthorized: /api/profiles/
2026-05-06 11:57:07,061 INFO core.middleware Method: GET | Endpoint: /api/profiles | Status: 301 | Response-Time: 0.0885ms
2026-05-06 11:57:07,142 INFO core.middleware Method: GET | Endpoint: /api/profiles/ | Status: 401 | Response-Time: 0.0620ms
2026-05-06 11:57:07,143 WARNING django.request Unauthorized: /api/profiles/
2026-05-06 12:20:38,805 INFO core.middleware Method: GET | Endpoint: /api/profiles | Status: 301 | Response-Time: 0.0597ms
2026-05-06 12:20:38,927 INFO core.middleware Method: GET | Endpoint: /api/profiles/ | Status: 401 | Response-Time: 0.1086ms
2026-05-06 12:20:38,928 WARNING django.request Unauthorized: /api/profiles/
2026-05-06 12:22:18,694 INFO core.middleware Method: GET | Endpoint: /api/profiles | Status: 301 | Response-Time: 0.0266ms
2026-05-06 12:22:18,730 INFO core.middleware Method: GET | Endpoint: /api/profiles/ | Status: 401 | Response-Time: 0.0161ms
2026-05-06 12:22:18,731 WARNING django.request Unauthorized: /api/profiles/
2026-05-06 12:22:20,366 INFO core.middleware Method: GET | Endpoint: /api/profiles | Status: 301 | Response-Time: 0.0156ms
2026-05-06 12:22:20,380 INFO core.middleware Method: GET | Endpoint: /api/profiles/ | Status: 401 | Response-Time: 0.0110ms
2026-05-06 12:22:20,380 WARNING django.request Unauthorized: /api/profiles/
2026-05-06 12:28:21,073 INFO core.middleware Method: GET | Endpoint: /api/profiles | Status: 301 | Response-Time: 0.0379ms
2026-05-06 12:28:21,127 INFO core.middleware Method: GET | Endpoint: /api/profiles/ | Status: 401 | Response-Time: 0.0420ms
2026-05-06 12:28:21,127 WARNING django.request Unauthorized: /api/profiles/
2026-05-06 12:29:19,983 INFO core.middleware Method: GET | Endpoint: /api/profiles | Status: 301 | Response-Time: 0.0177ms
2026-05-06 12:29:19,996 INFO core.middleware Method: GET | Endpoint: /api/profiles/ | Status: 401 | Response-Time: 0.0095ms
2026-05-06 12:29:19,997 WARNING django.request Unauthorized: /api/profiles/
2026-05-06 12:56:36,524 INFO core.middleware Method: GET | Endpoint: /api/profiles | Status: 301 | Response-Time: 0.0600ms
2026-05-06 12:56:36,625 INFO core.middleware Method: GET | Endpoint: /api/profiles/ | Status: 401 | Response-Time: 0.0879ms
2026-05-06 12:56:36,626 WARNING django.request Unauthorized: /api/profiles/
2026-05-06 12:56:36,801 INFO core.middleware Method: POST | Endpoint: /auth/refresh | Status: 422 | Response-Time: 0.0609ms
2026-05-06 12:56:36,801 WARNING django.request Unprocessable Content: /auth/refresh
2026-05-06 12:57:44,117 INFO django.utils.autoreload C:\Users\MY PC\Documents\projects\hng\stage-1\users\views.py changed, reloading.
2026-05-06 12:57:51,421 INFO django.utils.autoreload Watching for file changes with StatReloader
2026-05-06 13:04:10,994 INFO core.middleware Method: GET | Endpoint: /api/profiles | Status: 301 | Response-Time: 0.1458ms
2026-05-06 13:04:11,232 INFO core.middleware Method: GET | Endpoint: /api/profiles/ | Status: 401 | Response-Time: 0.2026ms
2026-05-06 13:04:11,234 WARNING django.request Unauthorized: /api/profiles/
2026-05-06 13:04:11,287 INFO core.middleware Method: POST | Endpoint: /auth/refresh | Status: 422 | Response-Time: 0.0196ms
2026-05-06 13:04:11,288 WARNING django.request Unprocessable Content: /auth/refresh
2026-05-06 13:04:16,036 INFO core.middleware Method: GET | Endpoint: /api/profiles | Status: 301 | Response-Time: 0.0195ms
2026-05-06 13:04:16,069 INFO core.middleware Method: GET | Endpoint: /api/profiles/ | Status: 401 | Response-Time: 0.0190ms
2026-05-06 13:04:16,070 WARNING django.request Unauthorized: /api/profiles/
2026-05-06 13:04:16,112 INFO core.middleware Method: POST | Endpoint: /auth/refresh | Status: 422 | Response-Time: 0.0125ms
2026-05-06 13:04:16,113 WARNING django.request Unprocessable Content: /auth/refresh
2026-05-06 13:05:26,897 INFO django.utils.autoreload C:\Users\MY PC\Documents\projects\hng\stage-1\users\views.py changed, reloading.
2026-05-06 13:05:33,728 INFO django.utils.autoreload Watching for file changes with StatReloader
2026-05-06 13:05:44,417 INFO core.middleware Method: GET | Endpoint: /api/profiles | Status: 301 | Response-Time: 0.0436ms
2026-05-06 13:05:44,460 INFO core.middleware Method: GET | Endpoint: /api/profiles/ | Status: 401 | Response-Time: 0.0366ms
2026-05-06 13:05:44,461 WARNING django.request Unauthorized: /api/profiles/
2026-05-06 13:05:44,484 INFO core.middleware Method: POST | Endpoint: /auth/refresh | Status: 422 | Response-Time: 0.0028ms
2026-05-06 13:05:44,485 WARNING django.request Unprocessable Content: /auth/refresh
2026-05-06 13:05:54,938 INFO core.middleware Method: GET | Endpoint: /api/profiles | Status: 301 | Response-Time: 0.0193ms
2026-05-06 13:05:54,974 INFO core.middleware Method: GET | Endpoint: /api/profiles/ | Status: 401 | Response-Time: 0.0327ms
2026-05-06 13:05:54,974 WARNING django.request Unauthorized: /api/profiles/
2026-05-06 13:05:54,999 INFO core.middleware Method: POST | Endpoint: /auth/refresh | Status: 422 | Response-Time: 0.0022ms
2026-05-06 13:05:54,999 WARNING django.request Unprocessable Content: /auth/refresh
2026-05-06 13:25:49,430 INFO core.middleware Method: GET | Endpoint: /api/profiles | Status: 301 | Response-Time: 0.1533ms
2026-05-06 13:25:49,620 INFO core.middleware Method: GET | Endpoint: /api/profiles/ | Status: 401 | Response-Time: 0.1508ms
2026-05-06 13:25:49,621 WARNING django.request Unauthorized: /api/profiles/
2026-05-06 13:25:49,731 INFO core.middleware Method: POST | Endpoint: /auth/refresh | Status: 401 | Response-Time: 0.0937ms
2026-05-06 13:25:49,732 WARNING django.request Unauthorized: /auth/refresh
2026-05-06 13:25:52,077 INFO core.middleware Method: GET | Endpoint: /api/profiles | Status: 301 | Response-Time: 0.0346ms
2026-05-06 13:25:52,091 INFO core.middleware Method: GET | Endpoint: /api/profiles/ | Status: 401 | Response-Time: 0.0106ms
2026-05-06 13:25:52,092 WARNING django.request Unauthorized: /api/profiles/
2026-05-06 13:25:52,109 INFO core.middleware Method: POST | Endpoint: /auth/refresh | Status: 401 | Response-Time: 0.0066ms
2026-05-06 13:25:52,109 WARNING django.request Unauthorized: /auth/refresh
2026-05-06 13:29:35,752 INFO core.middleware Method: GET | Endpoint: /api/profiles | Status: 301 | Response-Time: 0.0453ms
2026-05-06 13:29:35,801 INFO core.middleware Method: GET | Endpoint: /api/profiles/ | Status: 401 | Response-Time: 0.0387ms
2026-05-06 13:29:35,801 WARNING django.request Unauthorized: /api/profiles/
2026-05-06 13:29:35,842 INFO core.middleware Method: POST | Endpoint: /auth/refresh | Status: 401 | Response-Time: 0.0128ms
2026-05-06 13:29:35,843 WARNING django.request Unauthorized: /auth/refresh
2026-05-06 13:32:53,029 INFO core.middleware Method: GET | Endpoint: /api/profiles | Status: 301 | Response-Time: 0.0150ms
2026-05-06 13:32:53,042 INFO core.middleware Method: GET | Endpoint: /api/profiles/ | Status: 401 | Response-Time: 0.0100ms
2026-05-06 13:32:53,043 WARNING django.request Unauthorized: /api/profiles/
2026-05-06 13:32:53,059 INFO core.middleware Method: POST | Endpoint: /auth/refresh | Status: 401 | Response-Time: 0.0048ms
2026-05-06 13:32:53,060 WARNING django.request Unauthorized: /auth/refresh
2026-05-06 13:33:26,097 INFO core.middleware Method: GET | Endpoint: /api/profiles | Status: 301 | Response-Time: 0.0294ms
2026-05-06 13:33:26,145 INFO core.middleware Method: GET | Endpoint: /api/profiles/ | Status: 401 | Response-Time: 0.0201ms
2026-05-06 13:33:26,145 WARNING django.request Unauthorized: /api/profiles/
2026-05-06 13:33:26,172 INFO core.middleware Method: POST | Endpoint: /auth/refresh | Status: 401 | Response-Time: 0.0024ms
2026-05-06 13:33:26,173 WARNING django.request Unauthorized: /auth/refresh
2026-05-06 13:33:27,504 INFO core.middleware Method: GET | Endpoint: /api/profiles | Status: 301 | Response-Time: 0.0176ms
2026-05-06 13:33:27,512 INFO core.middleware Method: GET | Endpoint: /api/profiles/ | Status: 401 | Response-Time: 0.0061ms
2026-05-06 13:33:27,512 WARNING django.request Unauthorized: /api/profiles/
2026-05-06 13:33:27,524 INFO core.middleware Method: POST | Endpoint: /auth/refresh | Status: 401 | Response-Time: 0.0029ms
2026-05-06 13:33:27,525 WARNING django.request Unauthorized: /auth/refresh
2026-05-06 13:42:08,757 INFO django.utils.autoreload C:\Users\MY PC\Documents\projects\hng\stage-1\users\views.py changed, reloading.
2026-05-06 13:42:17,346 INFO django.utils.autoreload Watching for file changes with StatReloader
2026-05-06 13:43:44,868 INFO core.middleware Method: GET | Endpoint: /api/profiles | Status: 301 | Response-Time: 0.0405ms
2026-05-06 13:43:44,907 INFO core.middleware Method: GET | Endpoint: /api/profiles/ | Status: 401 | Response-Time: 0.0340ms
2026-05-06 13:43:44,907 WARNING django.request Unauthorized: /api/profiles/
2026-05-06 13:43:44,932 INFO core.middleware Method: POST | Endpoint: /auth/refresh | Status: 401 | Response-Time: 0.0061ms
2026-05-06 13:43:44,932 WARNING django.request Unauthorized: /auth/refresh
2026-05-06 13:45:06,288 INFO core.middleware Method: GET | Endpoint: /api/profiles | Status: 301 | Response-Time: 0.0211ms
2026-05-06 13:45:06,323 INFO core.middleware Method: GET | Endpoint: /api/profiles/ | Status: 401 | Response-Time: 0.0323ms
2026-05-06 13:45:06,324 WARNING django.request Unauthorized: /api/profiles/
2026-05-06 13:45:06,352 INFO core.middleware Method: POST | Endpoint: /auth/refresh | Status: 401 | Response-Time: 0.0056ms
2026-05-06 13:45:06,353 WARNING django.request Unauthorized: /auth/refresh
2026-05-06 13:45:44,818 INFO core.middleware Method: GET | Endpoint: /auth/github | Status: 200 | Response-Time: 0.0018ms
2026-05-06 13:45:53,131 INFO core.middleware Method: GET | Endpoint: /auth/github/poll | Status: 200 | Response-Time: 0.0024ms
2026-05-06 13:46:01,131 INFO core.middleware Method: GET | Endpoint: /auth/github/poll | Status: 200 | Response-Time: 0.0019ms
2026-05-06 13:46:09,148 INFO core.middleware Method: GET | Endpoint: /auth/github/poll | Status: 200 | Response-Time: 0.0121ms
2026-05-06 13:46:17,131 INFO core.middleware Method: GET | Endpoint: /auth/github/poll | Status: 200 | Response-Time: 0.0018ms
2026-05-06 13:46:25,132 INFO core.middleware Method: GET | Endpoint: /auth/github/poll | Status: 200 | Response-Time: 0.0020ms
2026-05-06 13:46:33,520 INFO core.middleware Method: GET | Endpoint: /auth/github/poll | Status: 200 | Response-Time: 0.2734ms
2026-05-06 13:46:41,166 INFO core.middleware Method: GET | Endpoint: /auth/github/poll | Status: 200 | Response-Time: 0.0196ms
2026-05-06 13:46:49,130 INFO core.middleware Method: GET | Endpoint: /auth/github/poll | Status: 200 | Response-Time: 0.0025ms
2026-05-06 13:46:57,130 INFO core.middleware Method: GET | Endpoint: /auth/github/poll | Status: 200 | Response-Time: 0.0018ms
2026-05-06 13:47:05,199 INFO core.middleware Method: GET | Endpoint: /auth/github/poll | Status: 200 | Response-Time: 0.0349ms
2026-05-06 13:47:13,141 INFO core.middleware Method: GET | Endpoint: /auth/github/poll | Status: 200 | Response-Time: 0.0043ms
2026-05-06 13:47:21,134 INFO core.middleware Method: GET | Endpoint: /auth/github/poll | Status: 200 | Response-Time: 0.0028ms
2026-05-06 13:47:23,040 INFO core.middleware Method: GET | Endpoint: /auth/github/callback | Status: 200 | Response-Time: 3.8610ms
2026-05-06 13:47:29,131 INFO core.middleware Method: GET | Endpoint: /auth/github/poll | Status: 200 | Response-Time: 0.0024ms
2026-05-06 13:47:53,124 INFO core.middleware Method: GET | Endpoint: /api/profiles | Status: 301 | Response-Time: 0.0211ms
2026-05-06 13:47:53,398 INFO core.middleware Method: GET | Endpoint: /api/profiles/ | Status: 200 | Response-Time: 0.2703ms
2026-05-06 13:49:10,930 INFO core.middleware Method: GET | Endpoint: /api/profiles | Status: 301 | Response-Time: 0.0252ms
2026-05-06 13:49:11,349 INFO core.middleware Method: GET | Endpoint: /api/profiles/ | Status: 200 | Response-Time: 0.3960ms
2026-05-06 13:53:01,643 INFO core.middleware Method: GET | Endpoint: /api/profiles | Status: 301 | Response-Time: 0.0459ms
2026-05-06 13:53:01,970 INFO core.middleware Method: GET | Endpoint: /api/profiles/ | Status: 200 | Response-Time: 0.3146ms
2026-05-06 13:53:03,494 INFO core.middleware Method: GET | Endpoint: /api/profiles | Status: 301 | Response-Time: 0.0127ms
2026-05-06 13:53:03,689 INFO core.middleware Method: GET | Endpoint: /api/profiles/ | Status: 200 | Response-Time: 0.1920ms
2026-05-06 13:56:43,573 INFO core.middleware Method: GET | Endpoint: /api/profiles | Status: 301 | Response-Time: 0.0148ms
2026-05-06 13:56:43,768 INFO core.middleware Method: GET | Endpoint: /api/profiles/ | Status: 200 | Response-Time: 0.1896ms
2026-05-06 14:01:06,994 INFO core.middleware Method: GET | Endpoint: /api/profiles/ | Status: 401 | Response-Time: 0.1904ms
2026-05-06 14:01:07,004 WARNING django.request Unauthorized: /api/profiles/
2026-05-06 14:01:11,090 INFO core.middleware Method: GET | Endpoint: /api/profiles/ | Status: 401 | Response-Time: 0.0135ms
2026-05-06 14:01:11,091 WARNING django.request Unauthorized: /api/profiles/
2026-05-06 14:02:33,761 INFO core.middleware Method: GET | Endpoint: /api/profiles/ | Status: 200 | Response-Time: 1.7850ms
2026-05-06 14:02:41,198 INFO core.middleware Method: GET | Endpoint: /api/profiles/ | Status: 200 | Response-Time: 0.7177ms
2026-05-06 14:04:25,558 INFO django.utils.autoreload C:\Users\MY PC\Documents\projects\hng\stage-1\core\views.py changed, reloading.
2026-05-06 14:04:41,038 INFO django.utils.autoreload Watching for file changes with StatReloader
2026-05-06 14:04:56,692 INFO core.middleware Method: GET | Endpoint: /api/profiles/ | Status: 200 | Response-Time: 1.2914ms
2026-05-06 14:06:03,749 INFO django.utils.autoreload C:\Users\MY PC\Documents\projects\hng\stage-1\core\views.py changed, reloading.
2026-05-06 14:06:16,588 INFO django.utils.autoreload Watching for file changes with StatReloader
2026-05-06 14:06:29,652 INFO core.middleware Method: GET | Endpoint: /api/profiles/ | Status: 200 | Response-Time: 0.5382ms
2026-05-06 14:06:54,123 INFO django.utils.autoreload C:\Users\MY PC\Documents\projects\hng\stage-1\core\views.py changed, reloading.
2026-05-06 14:07:05,220 INFO django.utils.autoreload Watching for file changes with StatReloader
2026-05-06 14:07:48,213 INFO core.middleware Method: GET | Endpoint: /api/profiles | Status: 301 | Response-Time: 0.0578ms
2026-05-06 14:07:48,592 INFO core.middleware Method: GET | Endpoint: /api/profiles/ | Status: 200 | Response-Time: 0.3681ms
2026-05-06 14:09:06,582 INFO django.utils.autoreload C:\Users\MY PC\Documents\projects\hng\stage-1\core\views.py changed, reloading.
2026-05-06 14:09:24,574 INFO django.utils.autoreload Watching for file changes with StatReloader
2026-05-06 14:09:39,264 INFO core.middleware Method: GET | Endpoint: /api/profiles/ | Status: 200 | Response-Time: 0.5633ms
2026-05-06 14:09:58,779 INFO core.middleware Method: GET | Endpoint: /api/profiles/ | Status: 200 | Response-Time: 0.4093ms
2026-05-06 14:10:22,231 INFO django.utils.autoreload C:\Users\MY PC\Documents\projects\hng\stage-1\core\views.py changed, reloading.
2026-05-06 14:10:28,953 INFO django.utils.autoreload Watching for file changes with StatReloader
2026-05-06 14:10:48,186 INFO core.middleware Method: GET | Endpoint: /api/profiles/ | Status: 500 | Response-Time: 0.9997ms
2026-05-06 14:10:48,190 ERROR django.request Internal Server Error: /api/profiles/
2026-05-06 14:11:54,895 INFO django.utils.autoreload C:\Users\MY PC\Documents\projects\hng\stage-1\core\models.py changed, reloading.
2026-05-06 14:12:00,724 INFO django.utils.autoreload Watching for file changes with StatReloader
2026-05-06 14:12:42,504 INFO django.utils.autoreload C:\Users\MY PC\Documents\projects\hng\stage-1\core\views.py changed, reloading.
2026-05-06 14:12:49,457 INFO django.utils.autoreload Watching for file changes with StatReloader
2026-05-06 14:12:58,715 ERROR core.views cannot access local variable 'filtered_people' where it is not associated with a value
2026-05-06 14:12:58,721 INFO core.middleware Method: GET | Endpoint: /api/profiles/ | Status: 500 | Response-Time: 0.3355ms
2026-05-06 14:12:58,725 ERROR django.request Internal Server Error: /api/profiles/
2026-05-06 14:13:39,430 INFO django.utils.autoreload C:\Users\MY PC\Documents\projects\hng\stage-1\core\views.py changed, reloading.
2026-05-06 14:13:46,008 INFO django.utils.autoreload Watching for file changes with StatReloader
2026-05-06 14:14:06,336 INFO django.utils.autoreload C:\Users\MY PC\Documents\projects\hng\stage-1\core\views.py changed, reloading.
2026-05-06 14:14:17,345 INFO django.utils.autoreload Watching for file changes with StatReloader
2026-05-06 14:14:33,962 ERROR core.views name 'filtered_people' is not defined
2026-05-06 14:14:33,991 INFO core.middleware Method: GET | Endpoint: /api/profiles/ | Status: 500 | Response-Time: 0.5021ms
2026-05-06 14:14:34,007 ERROR django.request Internal Server Error: /api/profiles/
2026-05-06 14:15:10,259 INFO django.utils.autoreload C:\Users\MY PC\Documents\projects\hng\stage-1\core\views.py changed, reloading.
2026-05-06 14:15:20,715 INFO django.utils.autoreload Watching for file changes with StatReloader
2026-05-06 14:15:33,197 INFO core.middleware Method: GET | Endpoint: /api/profiles/ | Status: 200 | Response-Time: 0.4128ms
2026-05-06 14:15:53,132 INFO core.middleware Method: GET | Endpoint: /api/profiles | Status: 301 | Response-Time: 0.0315ms
2026-05-06 14:15:53,545 INFO core.middleware Method: GET | Endpoint: /api/profiles/ | Status: 200 | Response-Time: 0.4077ms
2026-05-06 14:45:17,273 INFO core.middleware Method: GET | Endpoint: /api/profiles | Status: 301 | Response-Time: 0.0866ms
2026-05-06 14:45:17,758 INFO core.middleware Method: GET | Endpoint: /api/profiles/ | Status: 200 | Response-Time: 0.4678ms
2026-05-06 16:15:23,243 INFO core.middleware Method: GET | Endpoint: /api/profiles | Status: 301 | Response-Time: 0.0574ms
2026-05-06 16:15:23,313 INFO core.middleware Method: GET | Endpoint: /api/profiles/ | Status: 401 | Response-Time: 0.0571ms
2026-05-06 16:15:23,315 WARNING django.request Unauthorized: /api/profiles/
2026-05-06 16:15:23,372 INFO core.middleware Method: POST | Endpoint: /auth/refresh | Status: 401 | Response-Time: 0.0392ms
2026-05-06 16:15:23,372 WARNING django.request Unauthorized: /auth/refresh
2026-05-06 16:32:25,745 INFO core.middleware Method: GET | Endpoint: /api/profiles/ | Status: 401 | Response-Time: 0.1997ms
2026-05-06 16:32:25,754 WARNING django.request Unauthorized: /api/profiles/
2026-05-06 16:33:10,260 INFO core.middleware Method: GET | Endpoint: /favicon.ico | Status: 404 | Response-Time: 0.0672ms
2026-05-06 16:33:10,260 WARNING django.request Not Found: /favicon.ico
2026-05-06 16:33:10,299 INFO core.middleware Method: GET | Endpoint: /favicon.ico | Status: 404 | Response-Time: 0.0291ms
2026-05-06 16:33:10,299 WARNING django.request Not Found: /favicon.ico
2026-05-06 17:04:28,389 INFO core.middleware Method: GET | Endpoint: /api/profiles | Status: 301 | Response-Time: 0.0501ms
2026-05-06 17:04:28,480 INFO core.middleware Method: GET | Endpoint: /api/profiles/ | Status: 401 | Response-Time: 0.0750ms
2026-05-06 17:04:28,481 WARNING django.request Unauthorized: /api/profiles/
2026-05-06 17:04:28,530 INFO core.middleware Method: POST | Endpoint: /auth/refresh | Status: 401 | Response-Time: 0.0349ms
2026-05-06 17:04:28,531 WARNING django.request Unauthorized: /auth/refresh
2026-05-06 17:04:39,391 INFO core.middleware Method: GET | Endpoint: /auth/github | Status: 200 | Response-Time: 0.0218ms
2026-05-06 17:04:47,759 INFO core.middleware Method: GET | Endpoint: /auth/github/poll | Status: 200 | Response-Time: 0.0022ms
2026-05-06 17:04:49,876 INFO core.middleware Method: GET | Endpoint: /auth/github/callback | Status: 200 | Response-Time: 5.3329ms
2026-05-06 17:04:55,760 INFO core.middleware Method: GET | Endpoint: /auth/github/poll | Status: 200 | Response-Time: 0.0030ms
2026-05-06 17:05:02,752 INFO core.middleware Method: GET | Endpoint: /api/profiles | Status: 301 | Response-Time: 0.0111ms
2026-05-06 17:05:03,047 INFO core.middleware Method: GET | Endpoint: /api/profiles/ | Status: 200 | Response-Time: 0.2918ms
2026-05-06 17:05:32,022 INFO core.middleware Method: GET | Endpoint: /api/profiles | Status: 301 | Response-Time: 0.0145ms
2026-05-06 17:05:32,224 INFO core.middleware Method: GET | Endpoint: /api/profiles/ | Status: 200 | Response-Time: 0.1983ms
2026-05-06 17:05:57,997 INFO core.middleware Method: GET | Endpoint: /api/profiles | Status: 301 | Response-Time: 0.0135ms
2026-05-06 17:05:58,169 INFO core.middleware Method: GET | Endpoint: /api/profiles/ | Status: 200 | Response-Time: 0.1685ms
2026-05-06 17:36:45,336 INFO core.middleware Method: GET | Endpoint: /api/profiles/019de37d-3299-75ad-a67e-67667a9562ec | Status: 200 | Response-Time: 0.6492ms
2026-05-06 17:36:47,595 INFO core.middleware Method: GET | Endpoint: /api/profiles/019de37d-3299-75ad-a67e-67667a9562ec | Status: 200 | Response-Time: 0.2092ms
2026-05-06 17:45:34,918 INFO core.middleware Method: GET | Endpoint: /api/profiles/019de37d-3299-75ad-a67e-67667a9562ec | Status: 200 | Response-Time: 0.3213ms
2026-05-06 17:59:03,841 INFO django.utils.autoreload C:\Users\MY PC\Documents\projects\hng\stage-1\core\views.py changed, reloading.
2026-05-06 17:59:12,317 INFO django.utils.autoreload Watching for file changes with StatReloader
2026-05-06 18:09:00,865 INFO django.utils.autoreload C:\Users\MY PC\Documents\projects\hng\stage-1\core\views.py changed, reloading.
2026-05-06 18:09:09,510 INFO django.utils.autoreload Watching for file changes with StatReloader
2026-05-06 18:10:54,233 INFO django.utils.autoreload Watching for file changes with StatReloader
2026-05-06 18:14:34,354 INFO core.middleware Method: GET | Endpoint: /api/profiles/search | Status: 401 | Response-Time: 0.2437ms
2026-05-06 18:14:34,359 WARNING django.request Unauthorized: /api/profiles/search
2026-05-06 18:15:38,582 INFO core.middleware Method: GET | Endpoint: /api/profiles/search | Status: 401 | Response-Time: 0.5937ms
2026-05-06 18:15:38,609 WARNING django.request Unauthorized: /api/profiles/search
2026-05-06 18:15:46,879 INFO core.middleware Method: GET | Endpoint: /api/profiles/search | Status: 401 | Response-Time: 0.0046ms
2026-05-06 18:15:46,995 WARNING django.request Unauthorized: /api/profiles/search
2026-05-06 18:16:20,190 INFO core.middleware Method: GET | Endpoint: /auth/github | Status: 200 | Response-Time: 0.1833ms
2026-05-06 18:16:30,570 INFO core.middleware Method: GET | Endpoint: /auth/github/poll | Status: 200 | Response-Time: 0.0057ms
2026-05-06 18:16:38,566 INFO core.middleware Method: GET | Endpoint: /auth/github/poll | Status: 200 | Response-Time: 0.0022ms
2026-05-06 18:16:38,894 INFO core.middleware Method: GET | Endpoint: /auth/github/callback | Status: 200 | Response-Time: 10.3183ms
2026-05-06 18:16:46,566 INFO core.middleware Method: GET | Endpoint: /auth/github/poll | Status: 200 | Response-Time: 0.0039ms
2026-05-06 18:16:55,725 INFO core.middleware Method: GET | Endpoint: /api/profiles/search | Status: 200 | Response-Time: 0.4000ms
2026-05-06 18:21:10,749 INFO core.middleware Method: GET | Endpoint: /api/profiles/search | Status: 200 | Response-Time: 0.6555ms
2026-05-06 18:21:12,483 INFO core.middleware Method: GET | Endpoint: /api/profiles/search | Status: 200 | Response-Time: 0.2672ms
2026-05-06 18:22:59,254 INFO core.middleware Method: GET | Endpoint: /api/profiles/search | Status: 200 | Response-Time: 0.3153ms
2026-05-06 18:23:22,563 INFO core.middleware Method: GET | Endpoint: /api/profiles/search | Status: 200 | Response-Time: 0.2703ms
2026-05-06 18:23:30,698 INFO core.middleware Method: GET | Endpoint: /api/profiles/search | Status: 200 | Response-Time: 0.3371ms
2026-05-06 19:25:35,403 INFO django.utils.autoreload C:\Users\MY PC\Documents\projects\hng\stage-1\core\views.py changed, reloading.
2026-05-06 19:26:01,977 INFO django.utils.autoreload Watching for file changes with StatReloader
2026-05-06 19:30:47,283 INFO django.utils.autoreload C:\Users\MY PC\Documents\projects\hng\stage-1\core\views.py changed, reloading.
2026-05-06 19:31:08,616 INFO django.utils.autoreload Watching for file changes with StatReloader
2026-05-06 19:53:57,055 INFO core.middleware Method: GET | Endpoint: /api/profiles/search | Status: 401 | Response-Time: 0.3505ms
2026-05-06 19:53:57,083 WARNING django.request Unauthorized: /api/profiles/search
2026-05-06 19:53:57,668 INFO core.middleware Method: POST | Endpoint: /auth/refresh | Status: 201 | Response-Time: 0.5450ms
2026-05-06 19:53:59,906 INFO core.middleware Method: GET | Endpoint: /api/profiles/search | Status: 401 | Response-Time: 0.0020ms
2026-05-06 19:53:59,906 WARNING django.request Unauthorized: /api/profiles/search
2026-05-06 19:54:00,250 INFO core.middleware Method: POST | Endpoint: /auth/refresh | Status: 201 | Response-Time: 0.3254ms
2026-05-06 21:08:57,321 INFO core.middleware Method: GET | Endpoint: /api/profiles/ | Status: 401 | Response-Time: 0.2606ms
2026-05-06 21:08:57,336 WARNING django.request Unauthorized: /api/profiles/
2026-05-06 21:27:29,173 ERROR django.request Internal Server Error: /api/profiles
Traceback (most recent call last):
  File "C:\Users\MY PC\documents\projects\hng\stage-1\.venv\Lib\site-packages\django\core\handlers\exception.py", line 55, in inner
    response = get_response(request)
  File "C:\Users\MY PC\documents\projects\hng\stage-1\.venv\Lib\site-packages\django\utils\deprecation.py", line 311, in __call__
    response = self.process_response(request, response)
  File "C:\Users\MY PC\documents\projects\hng\stage-1\.venv\Lib\site-packages\django\middleware\common.py", line 109, in process_response
    self.get_full_path_with_slash(request)
    ~~~~~~~~~~~~~~~~~~~~~~~~~~~~~^^^^^^^^^
  File "C:\Users\MY PC\documents\projects\hng\stage-1\.venv\Lib\site-packages\django\middleware\common.py", line 87, in get_full_path_with_slash
    raise RuntimeError(
    ...<9 lines>...
    )
RuntimeError: You called this URL via POST, but the URL doesn't end in a slash and you have APPEND_SLASH set. Django can't redirect to the slash URL while maintaining POST data. Change your form to point to localhost:8000/api/profiles/ (note the trailing slash), or set APPEND_SLASH=False in your Django settings.
2026-05-06 21:27:29,197 INFO core.middleware Method: POST | Endpoint: /api/profiles | Status: 500 | Response-Time: 0.4307ms
2026-05-06 21:27:31,474 ERROR django.request Internal Server Error: /api/profiles
Traceback (most recent call last):
  File "C:\Users\MY PC\documents\projects\hng\stage-1\.venv\Lib\site-packages\django\core\handlers\exception.py", line 55, in inner
    response = get_response(request)
  File "C:\Users\MY PC\documents\projects\hng\stage-1\.venv\Lib\site-packages\django\utils\deprecation.py", line 311, in __call__
    response = self.process_response(request, response)
  File "C:\Users\MY PC\documents\projects\hng\stage-1\.venv\Lib\site-packages\django\middleware\common.py", line 109, in process_response
    self.get_full_path_with_slash(request)
    ~~~~~~~~~~~~~~~~~~~~~~~~~~~~~^^^^^^^^^
  File "C:\Users\MY PC\documents\projects\hng\stage-1\.venv\Lib\site-packages\django\middleware\common.py", line 87, in get_full_path_with_slash
    raise RuntimeError(
    ...<9 lines>...
    )
RuntimeError: You called this URL via POST, but the URL doesn't end in a slash and you have APPEND_SLASH set. Django can't redirect to the slash URL while maintaining POST data. Change your form to point to localhost:8000/api/profiles/ (note the trailing slash), or set APPEND_SLASH=False in your Django settings.
2026-05-06 21:27:31,477 INFO core.middleware Method: POST | Endpoint: /api/profiles | Status: 500 | Response-Time: 0.0530ms
2026-05-06 21:28:08,838 INFO core.middleware Method: POST | Endpoint: /api/profiles/ | Status: 401 | Response-Time: 0.0475ms
2026-05-06 21:28:08,839 WARNING django.request Unauthorized: /api/profiles/
2026-05-06 21:28:08,881 INFO core.middleware Method: POST | Endpoint: /auth/refresh | Status: 401 | Response-Time: 0.0221ms
2026-05-06 21:28:08,881 WARNING django.request Unauthorized: /auth/refresh
2026-05-06 21:28:11,882 INFO core.middleware Method: POST | Endpoint: /api/profiles/ | Status: 401 | Response-Time: 0.0065ms
2026-05-06 21:28:11,882 WARNING django.request Unauthorized: /api/profiles/
2026-05-06 21:28:11,901 INFO core.middleware Method: POST | Endpoint: /auth/refresh | Status: 401 | Response-Time: 0.0064ms
2026-05-06 21:28:11,901 WARNING django.request Unauthorized: /auth/refresh
2026-05-06 21:28:32,610 INFO core.middleware Method: GET | Endpoint: /auth/github | Status: 200 | Response-Time: 0.0082ms
2026-05-06 21:28:42,652 INFO core.middleware Method: GET | Endpoint: /auth/github/poll | Status: 200 | Response-Time: 0.0017ms
2026-05-06 21:28:45,409 INFO core.middleware Method: GET | Endpoint: /auth/github/callback | Status: 200 | Response-Time: 6.5155ms
2026-05-06 21:28:50,652 INFO core.middleware Method: GET | Endpoint: /auth/github/poll | Status: 200 | Response-Time: 0.0020ms
2026-05-06 21:29:03,942 INFO httpx HTTP Request: GET https://api.agify.io?name=John%20Smoke "HTTP/1.1 200 OK"
2026-05-06 21:29:03,963 INFO httpx HTTP Request: GET https://api.nationalize.io?name=John%20Smoke "HTTP/1.1 200 OK"
2026-05-06 21:29:03,983 INFO httpx HTTP Request: GET https://api.genderize.io?name=John%20Smoke "HTTP/1.1 200 OK"
2026-05-06 21:29:04,017 INFO core.middleware Method: POST | Endpoint: /api/profiles/ | Status: 201 | Response-Time: 3.5503ms
2026-05-06 21:30:03,881 INFO httpx HTTP Request: GET https://api.nationalize.io?name=Smoker%20Didi "HTTP/1.1 200 OK"
2026-05-06 21:30:03,944 INFO httpx HTTP Request: GET https://api.agify.io?name=Smoker%20Didi "HTTP/1.1 200 OK"
2026-05-06 21:30:05,082 INFO httpx HTTP Request: GET https://api.genderize.io?name=Smoker%20Didi "HTTP/1.1 200 OK"
2026-05-06 21:30:05,110 INFO core.middleware Method: POST | Endpoint: /api/profiles/ | Status: 201 | Response-Time: 4.0671ms
2026-05-06 21:30:07,059 INFO core.middleware Method: POST | Endpoint: /api/profiles/ | Status: 200 | Response-Time: 0.2175ms
2026-05-06 21:30:35,899 INFO django.utils.autoreload C:\Users\MY PC\Documents\projects\hng\stage-1\core\views.py changed, reloading.
2026-05-06 21:30:49,744 INFO django.utils.autoreload Watching for file changes with StatReloader
2026-05-06 21:31:30,496 INFO httpx HTTP Request: GET https://api.nationalize.io?name=Smoker%20Draft "HTTP/1.1 200 OK"
2026-05-06 21:31:30,738 INFO httpx HTTP Request: GET https://api.agify.io?name=Smoker%20Draft "HTTP/1.1 200 OK"
2026-05-06 21:31:31,826 INFO httpx HTTP Request: GET https://api.genderize.io?name=Smoker%20Draft "HTTP/1.1 200 OK"
2026-05-06 21:31:32,374 INFO core.middleware Method: POST | Endpoint: /api/profiles/ | Status: 201 | Response-Time: 5.2597ms
2026-05-06 21:36:09,512 INFO core.middleware Method: GET | Endpoint: /api/profiles/export | Status: 200 | Response-Time: 0.9805ms
2026-05-06 21:36:12,359 INFO core.middleware Method: GET | Endpoint: /api/profiles/export | Status: 200 | Response-Time: 0.2600ms
2026-05-06 21:38:52,720 INFO core.middleware Method: GET | Endpoint: /api/profiles/export | Status: 422 | Response-Time: 0.6062ms
2026-05-06 21:38:52,723 WARNING django.request Unprocessable Content: /api/profiles/export
2026-05-06 21:39:42,260 INFO core.middleware Method: GET | Endpoint: /api/profiles/export | Status: 200 | Response-Time: 0.4180ms
2026-05-06 21:40:10,667 INFO core.middleware Method: GET | Endpoint: /api/profiles/export | Status: 200 | Response-Time: 0.3902ms
2026-05-06 22:26:42,159 INFO django.utils.autoreload Watching for file changes with StatReloader
2026-05-06 22:27:36,886 INFO django.utils.autoreload Watching for file changes with StatReloader
2026-05-06 22:39:19,116 INFO django.utils.autoreload Watching for file changes with StatReloader
2026-05-06 22:40:28,150 INFO django.utils.autoreload Watching for file changes with StatReloader
2026-05-06 22:41:59,443 INFO django.utils.autoreload Watching for file changes with StatReloader
2026-05-06 22:42:33,001 INFO core.middleware Method: GET | Endpoint: / | Status: 200 | Response-Time: 6.0168ms
2026-05-06 22:43:25,282 INFO django.utils.autoreload Watching for file changes with StatReloader
2026-05-06 23:02:22,403 INFO django.utils.autoreload C:\Users\MY PC\Documents\projects\hng\stage-1\core\migrations\__init__.py changed, reloading.
2026-05-06 23:02:30,151 INFO django.utils.autoreload Watching for file changes with StatReloader
2026-05-06 23:09:45,999 INFO core.middleware Method: GET | Endpoint: /api/profiles/export | Status: 401 | Response-Time: 0.2052ms
2026-05-06 23:09:46,017 WARNING django.request Unauthorized: /api/profiles/export
2026-05-06 23:09:48,232 INFO core.middleware Method: POST | Endpoint: /auth/refresh | Status: 401 | Response-Time: 2.1509ms
2026-05-06 23:09:48,233 WARNING django.request Unauthorized: /auth/refresh
2026-05-06 23:10:01,299 INFO core.middleware Method: GET | Endpoint: /auth/github | Status: 200 | Response-Time: 0.0021ms
2026-05-06 23:10:08,105 INFO core.middleware Method: GET | Endpoint: /auth/github/callback | Status: 200 | Response-Time: 4.0942ms
2026-05-06 23:10:09,691 INFO core.middleware Method: GET | Endpoint: /auth/github/poll | Status: 200 | Response-Time: 0.0035ms
2026-05-06 23:10:54,399 INFO core.middleware Method: GET | Endpoint: /api/profiles/export | Status: 200 | Response-Time: 2.0620ms
2026-05-06 23:14:40,616 INFO core.middleware Method: GET | Endpoint: /api/profiles/export | Status: 200 | Response-Time: 2.5262ms
2026-05-06 23:15:20,446 INFO core.middleware Method: GET | Endpoint: /api/profiles/export | Status: 200 | Response-Time: 2.2612ms
2026-05-07 00:49:33,236 INFO core.middleware Method: GET | Endpoint: /auth/github | Status: 200 | Response-Time: 0.1218ms
2026-05-07 00:49:48,706 INFO core.middleware Method: GET | Endpoint: /auth/github/poll | Status: 200 | Response-Time: 0.1140ms
2026-05-07 00:49:53,744 INFO core.middleware Method: GET | Endpoint: /auth/github/callback | Status: 200 | Response-Time: 11.0305ms
2026-05-07 00:49:56,317 INFO core.middleware Method: GET | Endpoint: /auth/github/poll | Status: 200 | Response-Time: 0.2104ms
2026-05-07 00:57:15,986 INFO django.utils.autoreload C:\Users\MY PC\Documents\projects\hng\stage-1\users\views.py changed, reloading.
2026-05-07 00:57:23,782 INFO django.utils.autoreload Watching for file changes with StatReloader
2026-05-07 00:58:06,074 INFO django.utils.autoreload C:\Users\MY PC\Documents\projects\hng\stage-1\project\views.py changed, reloading.
2026-05-07 00:58:11,792 INFO django.utils.autoreload Watching for file changes with StatReloader
2026-05-07 00:58:30,563 INFO django.utils.autoreload C:\Users\MY PC\Documents\projects\hng\stage-1\project\urls.py changed, reloading.
2026-05-07 00:58:36,290 INFO django.utils.autoreload Watching for file changes with StatReloader
2026-05-07 00:58:44,814 ERROR django.request Internal Server Error: /
Traceback (most recent call last):
  File "C:\Users\MY PC\documents\projects\hng\stage-1\.venv\Lib\site-packages\django\core\handlers\exception.py", line 55, in inner
    response = get_response(request)
  File "C:\Users\MY PC\documents\projects\hng\stage-1\.venv\Lib\site-packages\django\core\handlers\base.py", line 198, in _get_response
    response = wrapped_callback(request, *callback_args, **callback_kwargs)
  File "C:\Users\MY PC\documents\projects\hng\stage-1\project\views.py", line 11, in redirect_user
    url = reverse('auth:login')
  File "C:\Users\MY PC\documents\projects\hng\stage-1\.venv\Lib\site-packages\django\urls\base.py", line 98, in reverse
    resolved_url = resolver._reverse_with_prefix(view, prefix, *args, **kwargs)
  File "C:\Users\MY PC\documents\projects\hng\stage-1\.venv\Lib\site-packages\django\urls\resolvers.py", line 842, in _reverse_with_prefix
    raise NoReverseMatch(msg)
django.urls.exceptions.NoReverseMatch: Reverse for 'login' not found. 'login' is not a valid view function or pattern name.
2026-05-07 00:58:44,838 INFO core.middleware Method: GET | Endpoint: / | Status: 500 | Response-Time: 0.2941ms
2026-05-07 00:59:17,352 INFO django.utils.autoreload C:\Users\MY PC\Documents\projects\hng\stage-1\users\views.py changed, reloading.
2026-05-07 00:59:21,629 INFO django.utils.autoreload Watching for file changes with StatReloader
2026-05-07 01:01:05,569 ERROR django.request Internal Server Error: /
Traceback (most recent call last):
  File "C:\Users\MY PC\documents\projects\hng\stage-1\.venv\Lib\site-packages\django\core\handlers\exception.py", line 55, in inner
    response = get_response(request)
  File "C:\Users\MY PC\documents\projects\hng\stage-1\.venv\Lib\site-packages\django\core\handlers\base.py", line 198, in _get_response
    response = wrapped_callback(request, *callback_args, **callback_kwargs)
  File "C:\Users\MY PC\documents\projects\hng\stage-1\project\views.py", line 12, in redirect_user
    return HttpRequest(f'<p> Nothing to see here </p> <p> Login via <a href="{url}"> Login page </a>.')
TypeError: HttpRequest.__init__() takes 1 positional argument but 2 were given
2026-05-07 01:01:05,615 INFO core.middleware Method: GET | Endpoint: / | Status: 500 | Response-Time: 0.3314ms
2026-05-07 01:02:37,893 INFO django.utils.autoreload C:\Users\MY PC\Documents\projects\hng\stage-1\project\views.py changed, reloading.
2026-05-07 01:02:46,914 INFO django.utils.autoreload Watching for file changes with StatReloader
2026-05-07 01:04:05,759 INFO core.middleware Method: GET | Endpoint: / | Status: 200 | Response-Time: 0.0704ms
2026-05-07 01:04:08,395 INFO core.middleware Method: GET | Endpoint: /auth/github | Status: 200 | Response-Time: 0.0148ms
2026-05-07 01:05:29,916 INFO django.utils.autoreload C:\Users\MY PC\Documents\projects\hng\stage-1\project\views.py changed, reloading.
2026-05-07 01:05:37,170 INFO django.utils.autoreload Watching for file changes with StatReloader
2026-05-07 01:32:45,760 INFO django.utils.autoreload C:\Users\MY PC\Documents\projects\hng\stage-1\project\settings.py changed, reloading.
